# JRE version: OpenJDK Runtime Environment Temurin-21.0.6+7 (21.0.6+7) (build 21.0.6+7-LTS)
# Java VM: OpenJDK 64-Bit Server VM Temurin-21.0.6+7 (21.0.6+7-LTS, mixed mode, sharing, tiered, compressed oops, compressed class ptrs, parallel gc, windows-amd64)
GC Precious Log:
 CardTable entry size: 512
 CPUs: 12 total, 12 available
 Memory: 15661M
 Large Page Support: Disabled
 NUMA Support: Disabled
 Compressed Oops: Enabled (32-bit)
 Alignments: Space 512K, Generation 512K, Heap 2M
 Heap Min Capacity: 100M
 Heap Initial Capacity: 100M
 Heap Max Capacity: 1G
 Pre-touch: Disabled
 Parallel Workers: 10
Heap:
 PSYoungGen      total 24064K, used 10812K [0x00000000eab00000, 0x00000000ec680000, 0x0000000100000000)
  eden space 19968K, 34% used [0x00000000eab00000,0x00000000eb1cb298,0x00000000ebe80000)
  from space 4096K, 94% used [0x00000000ebe80000,0x00000000ec244150,0x00000000ec280000)
  to   space 4096K, 0% used [0x00000000ec280000,0x00000000ec280000,0x00000000ec680000)
 ParOldGen       total 68608K, used 34319K [0x00000000c0000000, 0x00000000c4300000, 0x00000000eab00000)
  object space 68608K, 50% used [0x00000000c0000000,0x00000000c2183f88,0x00000000c4300000)
 Metaspace       used 43283K, committed 44288K, reserved 1114112K
  class space    used 4273K, committed 4736K, reserved 1048576K
GC Heap History (20 events):
Event: 9.572 GC heap before
{Heap before GC invocations=18 (full 1):
 PSYoungGen      total 23552K, used 23160K [0x00000000eab00000, 0x00000000ec480000, 0x0000000100000000)
  eden space 20992K, 100% used [0x00000000eab00000,0x00000000ebf80000,0x00000000ebf80000)
  from space 2560K, 84% used [0x00000000ec200000,0x00000000ec41e200,0x00000000ec480000)
  to   space 2560K, 0% used [0x00000000ebf80000,0x00000000ebf80000,0x00000000ec200000)
 ParOldGen       total 68608K, used 27144K [0x00000000c0000000, 0x00000000c4300000, 0x00000000eab00000)
  object space 68608K, 39% used [0x00000000c0000000,0x00000000c1a821a8,0x00000000c4300000)
 Metaspace       used 32650K, committed 33664K, reserved 1114112K
  class space    used 3267K, committed 3712K, reserved 1048576K
}
Event: 9.574 GC heap after
{Heap after GC invocations=18 (full 1):
 PSYoungGen      total 23552K, used 2544K [0x00000000eab00000, 0x00000000ec980000, 0x0000000100000000)
  eden space 20992K, 0% used [0x00000000eab00000,0x00000000eab00000,0x00000000ebf80000)
  from space 2560K, 99% used [0x00000000ebf80000,0x00000000ec1fc010,0x00000000ec200000)
  to   space 5120K, 0% used [0x00000000ec480000,0x00000000ec480000,0x00000000ec980000)
 ParOldGen       total 68608K, used 29208K [0x00000000c0000000, 0x00000000c4300000, 0x00000000eab00000)
  object space 68608K, 42% used [0x00000000c0000000,0x00000000c1c863a8,0x00000000c4300000)
 Metaspace       used 32650K, committed 33664K, reserved 1114112K
  class space    used 3267K, committed 3712K, reserved 1048576K
}
Event: 9.813 GC heap before
{Heap before GC invocations=19 (full 1):
 PSYoungGen      total 23552K, used 23536K [0x00000000eab00000, 0x00000000ec980000, 0x0000000100000000)
  eden space 20992K, 100% used [0x00000000eab00000,0x00000000ebf80000,0x00000000ebf80000)
  from space 2560K, 99% used [0x00000000ebf80000,0x00000000ec1fc010,0x00000000ec200000)
  to   space 5120K, 0% used [0x00000000ec480000,0x00000000ec480000,0x00000000ec980000)
 ParOldGen       total 68608K, used 29208K [0x00000000c0000000, 0x00000000c4300000, 0x00000000eab00000)
  object space 68608K, 42% used [0x00000000c0000000,0x00000000c1c863a8,0x00000000c4300000)
 Metaspace       used 34530K, committed 35584K, reserved 1114112K
  class space    used 3483K, committed 3968K, reserved 1048576K
}
Event: 9.815 GC heap after
{Heap after GC invocations=19 (full 1):
 PSYoungGen      total 23040K, used 1751K [0x00000000eab00000, 0x00000000ec680000, 0x0000000100000000)
  eden space 20992K, 0% used [0x00000000eab00000,0x00000000eab00000,0x00000000ebf80000)
  from space 2048K, 85% used [0x00000000ec480000,0x00000000ec635d90,0x00000000ec680000)
  to   space 3072K, 0% used [0x00000000ec080000,0x00000000ec080000,0x00000000ec380000)
 ParOldGen       total 68608K, used 30892K [0x00000000c0000000, 0x00000000c4300000, 0x00000000eab00000)
  object space 68608K, 45% used [0x00000000c0000000,0x00000000c1e2b318,0x00000000c4300000)
 Metaspace       used 34530K, committed 35584K, reserved 1114112K
  class space    used 3483K, committed 3968K, reserved 1048576K
}
Event: 9.868 GC heap before
{Heap before GC invocations=20 (full 1):
 PSYoungGen      total 23040K, used 22743K [0x00000000eab00000, 0x00000000ec680000, 0x0000000100000000)
  eden space 20992K, 100% used [0x00000000eab00000,0x00000000ebf80000,0x00000000ebf80000)
  from space 2048K, 85% used [0x00000000ec480000,0x00000000ec635d90,0x00000000ec680000)
  to   space 3072K, 0% used [0x00000000ec080000,0x00000000ec080000,0x00000000ec380000)
 ParOldGen       total 68608K, used 30892K [0x00000000c0000000, 0x00000000c4300000, 0x00000000eab00000)
  object space 68608K, 45% used [0x00000000c0000000,0x00000000c1e2b318,0x00000000c4300000)
 Metaspace       used 34556K, committed 35648K, reserved 1114112K
  class space    used 3483K, committed 3968K, reserved 1048576K
}
Event: 9.869 GC heap after
{Heap after GC invocations=20 (full 1):
 PSYoungGen      total 24064K, used 553K [0x00000000eab00000, 0x00000000ec500000, 0x0000000100000000)
  eden space 20992K, 0% used [0x00000000eab00000,0x00000000eab00000,0x00000000ebf80000)
  from space 3072K, 18% used [0x00000000ec080000,0x00000000ec10a610,0x00000000ec380000)
  to   space 1536K, 0% used [0x00000000ec380000,0x00000000ec380000,0x00000000ec500000)
 ParOldGen       total 68608K, used 32294K [0x00000000c0000000, 0x00000000c4300000, 0x00000000eab00000)
  object space 68608K, 47% used [0x00000000c0000000,0x00000000c1f89af0,0x00000000c4300000)
 Metaspace       used 34556K, committed 35648K, reserved 1114112K
  class space    used 3483K, committed 3968K, reserved 1048576K
}
Event: 9.892 GC heap before
{Heap before GC invocations=21 (full 1):
 PSYoungGen      total 24064K, used 8281K [0x00000000eab00000, 0x00000000ec500000, 0x0000000100000000)
  eden space 20992K, 36% used [0x00000000eab00000,0x00000000eb28c0d8,0x00000000ebf80000)
  from space 3072K, 18% used [0x00000000ec080000,0x00000000ec10a610,0x00000000ec380000)
  to   space 1536K, 0% used [0x00000000ec380000,0x00000000ec380000,0x00000000ec500000)
 ParOldGen       total 68608K, used 32294K [0x00000000c0000000, 0x00000000c4300000, 0x00000000eab00000)
  object space 68608K, 47% used [0x00000000c0000000,0x00000000c1f89af0,0x00000000c4300000)
 Metaspace       used 34828K, committed 35840K, reserved 1114112K
  class space    used 3498K, committed 3968K, reserved 1048576K
}
Event: 9.893 GC heap after
{Heap after GC invocations=21 (full 1):
 PSYoungGen      total 21504K, used 192K [0x00000000eab00000, 0x00000000ec400000, 0x0000000100000000)
  eden space 20992K, 0% used [0x00000000eab00000,0x00000000eab00000,0x00000000ebf80000)
  from space 512K, 37% used [0x00000000ec380000,0x00000000ec3b0000,0x00000000ec400000)
  to   space 512K, 0% used [0x00000000ec300000,0x00000000ec300000,0x00000000ec380000)
 ParOldGen       total 68608K, used 32342K [0x00000000c0000000, 0x00000000c4300000, 0x00000000eab00000)
  object space 68608K, 47% used [0x00000000c0000000,0x00000000c1f95af0,0x00000000c4300000)
 Metaspace       used 34828K, committed 35840K, reserved 1114112K
  class space    used 3498K, committed 3968K, reserved 1048576K
}
Event: 9.893 GC heap before
{Heap before GC invocations=22 (full 2):
 PSYoungGen      total 21504K, used 192K [0x00000000eab00000, 0x00000000ec400000, 0x0000000100000000)
  eden space 20992K, 0% used [0x00000000eab00000,0x00000000eab00000,0x00000000ebf80000)
  from space 512K, 37% used [0x00000000ec380000,0x00000000ec3b0000,0x00000000ec400000)
  to   space 512K, 0% used [0x00000000ec300000,0x00000000ec300000,0x00000000ec380000)
 ParOldGen       total 68608K, used 32342K [0x00000000c0000000, 0x00000000c4300000, 0x00000000eab00000)
  object space 68608K, 47% used [0x00000000c0000000,0x00000000c1f95af0,0x00000000c4300000)
 Metaspace       used 34828K, committed 35840K, reserved 1114112K
  class space    used 3498K, committed 3968K, reserved 1048576K
}
Event: 9.932 GC heap after
{Heap after GC invocations=22 (full 2):
 PSYoungGen      total 21504K, used 0K [0x00000000eab00000, 0x00000000ec400000, 0x0000000100000000)
  eden space 20992K, 0% used [0x00000000eab00000,0x00000000eab00000,0x00000000ebf80000)
  from space 512K, 0% used [0x00000000ec380000,0x00000000ec380000,0x00000000ec400000)
  to   space 512K, 0% used [0x00000000ec300000,0x00000000ec300000,0x00000000ec380000)
 ParOldGen       total 68608K, used 29256K [0x00000000c0000000, 0x00000000c4300000, 0x00000000eab00000)
  object space 68608K, 42% used [0x00000000c0000000,0x00000000c1c923d8,0x00000000c4300000)
 Metaspace       used 34553K, committed 35840K, reserved 1114112K
  class space    used 3421K, committed 3968K, reserved 1048576K
}
Event: 10.429 GC heap before
{Heap before GC invocations=23 (full 2):
 PSYoungGen      total 21504K, used 20992K [0x00000000eab00000, 0x00000000ec400000, 0x0000000100000000)
  eden space 20992K, 100% used [0x00000000eab00000,0x00000000ebf80000,0x00000000ebf80000)
  from space 512K, 0% used [0x00000000ec380000,0x00000000ec380000,0x00000000ec400000)
  to   space 512K, 0% used [0x00000000ec300000,0x00000000ec300000,0x00000000ec380000)
 ParOldGen       total 68608K, used 29256K [0x00000000c0000000, 0x00000000c4300000, 0x00000000eab00000)
  object space 68608K, 42% used [0x00000000c0000000,0x00000000c1c923d8,0x00000000c4300000)
 Metaspace       used 36403K, committed 37248K, reserved 1114112K
  class space    used 3616K, committed 4032K, reserved 1048576K
}
Event: 10.430 GC heap after
{Heap after GC invocations=23 (full 2):
 PSYoungGen      total 21504K, used 498K [0x00000000eab00000, 0x00000000ec400000, 0x0000000100000000)
  eden space 20992K, 0% used [0x00000000eab00000,0x00000000eab00000,0x00000000ebf80000)
  from space 512K, 97% used [0x00000000ec300000,0x00000000ec37ca40,0x00000000ec380000)
  to   space 512K, 0% used [0x00000000ec380000,0x00000000ec380000,0x00000000ec400000)
 ParOldGen       total 68608K, used 29312K [0x00000000c0000000, 0x00000000c4300000, 0x00000000eab00000)
  object space 68608K, 42% used [0x00000000c0000000,0x00000000c1ca03d8,0x00000000c4300000)
 Metaspace       used 36403K, committed 37248K, reserved 1114112K
  class space    used 3616K, committed 4032K, reserved 1048576K
}
Event: 10.823 GC heap before
{Heap before GC invocations=24 (full 2):
 PSYoungGen      total 21504K, used 21490K [0x00000000eab00000, 0x00000000ec400000, 0x0000000100000000)
  eden space 20992K, 100% used [0x00000000eab00000,0x00000000ebf80000,0x00000000ebf80000)
  from space 512K, 97% used [0x00000000ec300000,0x00000000ec37ca40,0x00000000ec380000)
  to   space 512K, 0% used [0x00000000ec380000,0x00000000ec380000,0x00000000ec400000)
 ParOldGen       total 68608K, used 29312K [0x00000000c0000000, 0x00000000c4300000, 0x00000000eab00000)
  object space 68608K, 42% used [0x00000000c0000000,0x00000000c1ca03d8,0x00000000c4300000)
 Metaspace       used 37892K, committed 38784K, reserved 1114112K
  class space    used 3761K, committed 4160K, reserved 1048576K
}
Event: 10.825 GC heap after
{Heap after GC invocations=24 (full 2):
 PSYoungGen      total 21504K, used 512K [0x00000000eab00000, 0x00000000ec400000, 0x0000000100000000)
  eden space 20992K, 0% used [0x00000000eab00000,0x00000000eab00000,0x00000000ebf80000)
  from space 512K, 100% used [0x00000000ec380000,0x00000000ec400000,0x00000000ec400000)
  to   space 2048K, 0% used [0x00000000ec000000,0x00000000ec000000,0x00000000ec200000)
 ParOldGen       total 68608K, used 30313K [0x00000000c0000000, 0x00000000c4300000, 0x00000000eab00000)
  object space 68608K, 44% used [0x00000000c0000000,0x00000000c1d9a468,0x00000000c4300000)
 Metaspace       used 37892K, committed 38784K, reserved 1114112K
  class space    used 3761K, committed 4160K, reserved 1048576K
}
Event: 11.117 GC heap before
{Heap before GC invocations=25 (full 2):
 PSYoungGen      total 21504K, used 21504K [0x00000000eab00000, 0x00000000ec400000, 0x0000000100000000)
  eden space 20992K, 100% used [0x00000000eab00000,0x00000000ebf80000,0x00000000ebf80000)
  from space 512K, 100% used [0x00000000ec380000,0x00000000ec400000,0x00000000ec400000)
  to   space 2048K, 0% used [0x00000000ec000000,0x00000000ec000000,0x00000000ec200000)
 ParOldGen       total 68608K, used 30313K [0x00000000c0000000, 0x00000000c4300000, 0x00000000eab00000)
  object space 68608K, 44% used [0x00000000c0000000,0x00000000c1d9a468,0x00000000c4300000)
 Metaspace       used 39516K, committed 40512K, reserved 1114112K
  class space    used 3928K, committed 4416K, reserved 1048576K
}
Event: 11.118 GC heap after
{Heap after GC invocations=25 (full 2):
 PSYoungGen      total 23040K, used 817K [0x00000000eab00000, 0x00000000ec400000, 0x0000000100000000)
  eden space 20992K, 0% used [0x00000000eab00000,0x00000000eab00000,0x00000000ebf80000)
  from space 2048K, 39% used [0x00000000ec000000,0x00000000ec0cc6e8,0x00000000ec200000)
  to   space 1536K, 0% used [0x00000000ec280000,0x00000000ec280000,0x00000000ec400000)
 ParOldGen       total 68608K, used 30833K [0x00000000c0000000, 0x00000000c4300000, 0x00000000eab00000)
  object space 68608K, 44% used [0x00000000c0000000,0x00000000c1e1c4b8,0x00000000c4300000)
 Metaspace       used 39516K, committed 40512K, reserved 1114112K
  class space    used 3928K, committed 4416K, reserved 1048576K
}
Event: 11.483 GC heap before
{Heap before GC invocations=26 (full 2):
 PSYoungGen      total 23040K, used 21809K [0x00000000eab00000, 0x00000000ec400000, 0x0000000100000000)
  eden space 20992K, 100% used [0x00000000eab00000,0x00000000ebf80000,0x00000000ebf80000)
  from space 2048K, 39% used [0x00000000ec000000,0x00000000ec0cc6e8,0x00000000ec200000)
  to   space 1536K, 0% used [0x00000000ec280000,0x00000000ec280000,0x00000000ec400000)
 ParOldGen       total 68608K, used 30833K [0x00000000c0000000, 0x00000000c4300000, 0x00000000eab00000)
  object space 68608K, 44% used [0x00000000c0000000,0x00000000c1e1c4b8,0x00000000c4300000)
 Metaspace       used 41831K, committed 42816K, reserved 1114112K
  class space    used 4143K, committed 4608K, reserved 1048576K
}
Event: 11.486 GC heap after
{Heap after GC invocations=26 (full 2):
 PSYoungGen      total 21504K, used 1510K [0x00000000eab00000, 0x00000000ec780000, 0x0000000100000000)
  eden space 19968K, 0% used [0x00000000eab00000,0x00000000eab00000,0x00000000ebe80000)
  from space 1536K, 98% used [0x00000000ec280000,0x00000000ec3f9b40,0x00000000ec400000)
  to   space 4096K, 0% used [0x00000000ebe80000,0x00000000ebe80000,0x00000000ec280000)
 ParOldGen       total 68608K, used 32929K [0x00000000c0000000, 0x00000000c4300000, 0x00000000eab00000)
  object space 68608K, 47% used [0x00000000c0000000,0x00000000c20286d8,0x00000000c4300000)
 Metaspace       used 41831K, committed 42816K, reserved 1114112K
  class space    used 4143K, committed 4608K, reserved 1048576K
}
Event: 11.690 GC heap before
{Heap before GC invocations=27 (full 2):
 PSYoungGen      total 21504K, used 21478K [0x00000000eab00000, 0x00000000ec780000, 0x0000000100000000)
  eden space 19968K, 100% used [0x00000000eab00000,0x00000000ebe80000,0x00000000ebe80000)
  from space 1536K, 98% used [0x00000000ec280000,0x00000000ec3f9b40,0x00000000ec400000)
  to   space 4096K, 0% used [0x00000000ebe80000,0x00000000ebe80000,0x00000000ec280000)
 ParOldGen       total 68608K, used 32929K [0x00000000c0000000, 0x00000000c4300000, 0x00000000eab00000)
  object space 68608K, 47% used [0x00000000c0000000,0x00000000c20286d8,0x00000000c4300000)
 Metaspace       used 42844K, committed 43904K, reserved 1114112K
  class space    used 4235K, committed 4736K, reserved 1048576K
}
Event: 11.694 GC heap after
{Heap after GC invocations=27 (full 2):
 PSYoungGen      total 24064K, used 3856K [0x00000000eab00000, 0x00000000ec680000, 0x0000000100000000)
  eden space 19968K, 0% used [0x00000000eab00000,0x00000000eab00000,0x00000000ebe80000)
  from space 4096K, 94% used [0x00000000ebe80000,0x00000000ec244150,0x00000000ec280000)
  to   space 4096K, 0% used [0x00000000ec280000,0x00000000ec280000,0x00000000ec680000)
 ParOldGen       total 68608K, used 34319K [0x00000000c0000000, 0x00000000c4300000, 0x00000000eab00000)
  object space 68608K, 50% used [0x00000000c0000000,0x00000000c2183f88,0x00000000c4300000)
 Metaspace       used 42844K, committed 43904K, reserved 1114112K
  class space    used 4235K, committed 4736K, reserved 1048576K
}

